# JRE version: Java(TM) SE Runtime Environment (19.0.2+7) (build 19.0.2+7-44)
# Java VM: Java HotSpot(TM) 64-Bit Server VM (19.0.2+7-44, mixed mode, sharing, tiered, compressed oops, compressed class ptrs, g1 gc, windows-amd64)
GC Precious Log:
 CardTable entry size: 512
 Card Set container configuration: InlinePtr #cards 5 size 8 Array Of Cards #cards 12 size 40 Howl #buckets 4 coarsen threshold 1843 Howl Bitmap #cards 512 size 80 coarsen threshold 460 Card regions per heap region 1 cards per card region 2048
 CPUs: 8 total, 8 available
 Memory: 6030M
 Large Page Support: Disabled
 NUMA Support: Disabled
 Compressed Oops: Enabled (32-bit)
 Heap Region Size: 1M
 Heap Min Capacity: 8M
 Heap Initial Capacity: 96M
 Heap Max Capacity: 1508M
 Pre-touch: Disabled
 Parallel Workers: 8
 Concurrent Workers: 2
 Concurrent Refinement Workers: 8
 Periodic GC: Disabled
Heap:
 garbage-first heap   total 98304K, used 28783K [0x00000000a1c00000, 0x0000000100000000)
  region size 1024K, 1 young (1024K), 1 survivors (1024K)
 Metaspace       used 37241K, committed 37952K, reserved 1114112K
  class space    used 4484K, committed 4864K, reserved 1048576K
GC Heap History (20 events):
Event: 3.215 GC heap after
{Heap after GC invocations=1 (full 0):
 garbage-first heap   total 98304K, used 7040K [0x00000000a1c00000, 0x0000000100000000)
  region size 1024K, 3 young (3072K), 3 survivors (3072K)
 Metaspace       used 7026K, committed 7168K, reserved 1114112K
  class space    used 712K, committed 768K, reserved 1048576K
}
Event: 5.592 GC heap before
{Heap before GC invocations=1 (full 0):
 garbage-first heap   total 98304K, used 40832K [0x00000000a1c00000, 0x0000000100000000)
  region size 1024K, 35 young (35840K), 3 survivors (3072K)
 Metaspace       used 15440K, committed 15680K, reserved 1114112K
  class space    used 1972K, committed 2048K, reserved 1048576K
}
Event: 5.609 GC heap after
{Heap after GC invocations=2 (full 0):
 garbage-first heap   total 98304K, used 12414K [0x00000000a1c00000, 0x0000000100000000)
  region size 1024K, 4 young (4096K), 4 survivors (4096K)
 Metaspace       used 15440K, committed 15680K, reserved 1114112K
  class space    used 1972K, committed 2048K, reserved 1048576K
}
Event: 6.995 GC heap before
{Heap before GC invocations=2 (full 0):
 garbage-first heap   total 98304K, used 40062K [0x00000000a1c00000, 0x0000000100000000)
  region size 1024K, 32 young (32768K), 4 survivors (4096K)
 Metaspace       used 21323K, committed 21504K, reserved 1114112K
  class space    used 2786K, committed 2880K, reserved 1048576K
}
Event: 7.015 GC heap after
{Heap after GC invocations=3 (full 0):
 garbage-first heap   total 98304K, used 14681K [0x00000000a1c00000, 0x0000000100000000)
  region size 1024K, 8 young (8192K), 8 survivors (8192K)
 Metaspace       used 21323K, committed 21504K, reserved 1114112K
  class space    used 2786K, committed 2880K, reserved 1048576K
}
Event: 8.288 GC heap before
{Heap before GC invocations=4 (full 0):
 garbage-first heap   total 55296K, used 39257K [0x00000000a1c00000, 0x0000000100000000)
  region size 1024K, 32 young (32768K), 8 survivors (8192K)
 Metaspace       used 26278K, committed 26496K, reserved 1114112K
  class space    used 3227K, committed 3328K, reserved 1048576K
}
Event: 8.317 GC heap after
{Heap after GC invocations=5 (full 0):
 garbage-first heap   total 55296K, used 17403K [0x00000000a1c00000, 0x0000000100000000)
  region size 1024K, 3 young (3072K), 3 survivors (3072K)
 Metaspace       used 26278K, committed 26496K, reserved 1114112K
  class space    used 3227K, committed 3328K, reserved 1048576K
}
Event: 8.372 GC heap before
{Heap before GC invocations=5 (full 0):
 garbage-first heap   total 55296K, used 18427K [0x00000000a1c00000, 0x0000000100000000)
  region size 1024K, 4 young (4096K), 3 survivors (3072K)
 Metaspace       used 26401K, committed 26624K, reserved 1114112K
  class space    used 3244K, committed 3328K, reserved 1048576K
}
Event: 8.384 GC heap after
{Heap after GC invocations=6 (full 0):
 garbage-first heap   total 55296K, used 18103K [0x00000000a1c00000, 0x0000000100000000)
  region size 1024K, 1 young (1024K), 1 survivors (1024K)
 Metaspace       used 26401K, committed 26624K, reserved 1114112K
  class space    used 3244K, committed 3328K, reserved 1048576K
}
Event: 9.318 GC heap before
{Heap before GC invocations=6 (full 0):
 garbage-first heap   total 55296K, used 38583K [0x00000000a1c00000, 0x0000000100000000)
  region size 1024K, 22 young (22528K), 1 survivors (1024K)
 Metaspace       used 29255K, committed 29888K, reserved 1114112K
  class space    used 3650K, committed 3968K, reserved 1048576K
}
Event: 9.325 GC heap after
{Heap after GC invocations=7 (full 0):
 garbage-first heap   total 55296K, used 18912K [0x00000000a1c00000, 0x0000000100000000)
  region size 1024K, 2 young (2048K), 2 survivors (2048K)
 Metaspace       used 29255K, committed 29888K, reserved 1114112K
  class space    used 3650K, committed 3968K, reserved 1048576K
}
Event: 10.717 GC heap before
{Heap before GC invocations=7 (full 0):
 garbage-first heap   total 55296K, used 39392K [0x00000000a1c00000, 0x0000000100000000)
  region size 1024K, 23 young (23552K), 2 survivors (2048K)
 Metaspace       used 33540K, committed 34304K, reserved 1114112K
  class space    used 4091K, committed 4480K, reserved 1048576K
}
Event: 10.728 GC heap after
{Heap after GC invocations=8 (full 0):
 garbage-first heap   total 55296K, used 22162K [0x00000000a1c00000, 0x0000000100000000)
  region size 1024K, 3 young (3072K), 3 survivors (3072K)
 Metaspace       used 33540K, committed 34304K, reserved 1114112K
  class space    used 4091K, committed 4480K, reserved 1048576K
}
Event: 11.313 GC heap before
{Heap before GC invocations=8 (full 0):
 garbage-first heap   total 55296K, used 29330K [0x00000000a1c00000, 0x0000000100000000)
  region size 1024K, 10 young (10240K), 3 survivors (3072K)
 Metaspace       used 35202K, committed 35968K, reserved 1114112K
  class space    used 4289K, committed 4672K, reserved 1048576K
}
Event: 11.323 GC heap after
{Heap after GC invocations=9 (full 0):
 garbage-first heap   total 55296K, used 25268K [0x00000000a1c00000, 0x0000000100000000)
  region size 1024K, 1 young (1024K), 1 survivors (1024K)
 Metaspace       used 35202K, committed 35968K, reserved 1114112K
  class space    used 4289K, committed 4672K, reserved 1048576K
}
Event: 13.394 GC heap before
{Heap before GC invocations=10 (full 0):
 garbage-first heap   total 55296K, used 42676K [0x00000000a1c00000, 0x0000000100000000)
  region size 1024K, 18 young (18432K), 1 survivors (1024K)
 Metaspace       used 37173K, committed 37888K, reserved 1114112K
  class space    used 4484K, committed 4864K, reserved 1048576K
}
Event: 13.408 GC heap after
{Heap after GC invocations=11 (full 0):
 garbage-first heap   total 55296K, used 28672K [0x00000000a1c00000, 0x0000000100000000)
  region size 1024K, 3 young (3072K), 3 survivors (3072K)
 Metaspace       used 37173K, committed 37888K, reserved 1114112K
  class space    used 4484K, committed 4864K, reserved 1048576K
}
Event: 13.421 GC heap before
{Heap before GC invocations=11 (full 0):
 garbage-first heap   total 55296K, used 29696K [0x00000000a1c00000, 0x0000000100000000)
  region size 1024K, 4 young (4096K), 3 survivors (3072K)
 Metaspace       used 37177K, committed 37888K, reserved 1114112K
  class space    used 4484K, committed 4864K, reserved 1048576K
}
Event: 13.431 GC heap after
{Heap after GC invocations=12 (full 0):
 garbage-first heap   total 55296K, used 28754K [0x00000000a1c00000, 0x0000000100000000)
  region size 1024K, 1 young (1024K), 1 survivors (1024K)
 Metaspace       used 37177K, committed 37888K, reserved 1114112K
  class space    used 4484K, committed 4864K, reserved 1048576K
}
Event: 13.527 GC heap before
{Heap before GC invocations=12 (full 0):
 garbage-first heap   total 55296K, used 42066K [0x00000000a1c00000, 0x0000000100000000)
  region size 1024K, 14 young (14336K), 1 survivors (1024K)
 Metaspace       used 37241K, committed 37952K, reserved 1114112K
  class space    used 4484K, committed 4864K, reserved 1048576K
}

