# JRE version: Java(TM) SE Runtime Environment (19.0.2+7) (build 19.0.2+7-44)
# Java VM: Java HotSpot(TM) 64-Bit Server VM (19.0.2+7-44, mixed mode, sharing, tiered, compressed oops, compressed class ptrs, g1 gc, windows-amd64)
GC Precious Log:
 CardTable entry size: 512
 Card Set container configuration: InlinePtr #cards 5 size 8 Array Of Cards #cards 12 size 40 Howl #buckets 4 coarsen threshold 1843 Howl Bitmap #cards 512 size 80 coarsen threshold 460 Card regions per heap region 1 cards per card region 2048
 CPUs: 8 total, 8 available
 Memory: 6030M
 Large Page Support: Disabled
 NUMA Support: Disabled
 Compressed Oops: Enabled (32-bit)
 Heap Region Size: 1M
 Heap Min Capacity: 8M
 Heap Initial Capacity: 96M
 Heap Max Capacity: 2G
 Pre-touch: Disabled
 Parallel Workers: 8
 Concurrent Workers: 2
 Concurrent Refinement Workers: 8
 Periodic GC: Disabled
Heap:
 garbage-first heap   total 239616K, used 103253K [0x0000000080000000, 0x0000000100000000)
  region size 1024K, 19 young (19456K), 9 survivors (9216K)
 Metaspace       used 86498K, committed 88640K, reserved 552960K
  class space    used 11877K, committed 13056K, reserved 421888K
GC Heap History (20 events):
Event: 183.811 GC heap before
{Heap before GC invocations=23 (full 0):
 garbage-first heap   total 116736K, used 95004K [0x0000000080000000, 0x0000000100000000)
  region size 1024K, 37 young (37888K), 1 survivors (1024K)
 Metaspace       used 65091K, committed 67072K, reserved 487424K
  class space    used 9087K, committed 10112K, reserved 421888K
}
Event: 183.818 GC heap after
{Heap after GC invocations=24 (full 0):
 garbage-first heap   total 116736K, used 59987K [0x0000000080000000, 0x0000000100000000)
  region size 1024K, 2 young (2048K), 2 survivors (2048K)
 Metaspace       used 65091K, committed 67072K, reserved 487424K
  class space    used 9087K, committed 10112K, reserved 421888K
}
Event: 186.762 GC heap before
{Heap before GC invocations=25 (full 0):
 garbage-first heap   total 116736K, used 94803K [0x0000000080000000, 0x0000000100000000)
  region size 1024K, 37 young (37888K), 2 survivors (2048K)
 Metaspace       used 66641K, committed 68544K, reserved 487424K
  class space    used 9285K, committed 10240K, reserved 421888K
}
Event: 186.820 GC heap after
{Heap after GC invocations=26 (full 0):
 garbage-first heap   total 116736K, used 63890K [0x0000000080000000, 0x0000000100000000)
  region size 1024K, 5 young (5120K), 5 survivors (5120K)
 Metaspace       used 66641K, committed 68544K, reserved 487424K
  class space    used 9285K, committed 10240K, reserved 421888K
}
Event: 186.980 GC heap before
{Heap before GC invocations=26 (full 0):
 garbage-first heap   total 116736K, used 64914K [0x0000000080000000, 0x0000000100000000)
  region size 1024K, 6 young (6144K), 5 survivors (5120K)
 Metaspace       used 66732K, committed 68672K, reserved 487424K
  class space    used 9302K, committed 10304K, reserved 421888K
}
Event: 187.025 GC heap after
{Heap after GC invocations=27 (full 0):
 garbage-first heap   total 116736K, used 64360K [0x0000000080000000, 0x0000000100000000)
  region size 1024K, 1 young (1024K), 1 survivors (1024K)
 Metaspace       used 66732K, committed 68672K, reserved 487424K
  class space    used 9302K, committed 10304K, reserved 421888K
}
Event: 199.695 GC heap before
{Heap before GC invocations=27 (full 0):
 garbage-first heap   total 116736K, used 96104K [0x0000000080000000, 0x0000000100000000)
  region size 1024K, 32 young (32768K), 1 survivors (1024K)
 Metaspace       used 68832K, committed 70848K, reserved 487424K
  class space    used 9581K, committed 10624K, reserved 421888K
}
Event: 199.823 GC heap after
{Heap after GC invocations=28 (full 0):
 garbage-first heap   total 280576K, used 67104K [0x0000000080000000, 0x0000000100000000)
  region size 1024K, 4 young (4096K), 4 survivors (4096K)
 Metaspace       used 68832K, committed 70848K, reserved 487424K
  class space    used 9581K, committed 10624K, reserved 421888K
}
Event: 251.395 GC heap before
{Heap before GC invocations=29 (full 0):
 garbage-first heap   total 239616K, used 153120K [0x0000000080000000, 0x0000000100000000)
  region size 1024K, 83 young (84992K), 4 survivors (4096K)
 Metaspace       used 73033K, committed 75072K, reserved 487424K
  class space    used 10218K, committed 11264K, reserved 421888K
}
Event: 252.044 GC heap after
{Heap after GC invocations=30 (full 0):
 garbage-first heap   total 239616K, used 81255K [0x0000000080000000, 0x0000000100000000)
  region size 1024K, 11 young (11264K), 11 survivors (11264K)
 Metaspace       used 73033K, committed 75072K, reserved 487424K
  class space    used 10218K, committed 11264K, reserved 421888K
}
Event: 252.982 GC heap before
{Heap before GC invocations=30 (full 0):
 garbage-first heap   total 239616K, used 82279K [0x0000000080000000, 0x0000000100000000)
  region size 1024K, 12 young (12288K), 11 survivors (11264K)
 Metaspace       used 73105K, committed 75136K, reserved 487424K
  class space    used 10227K, committed 11264K, reserved 421888K
}
Event: 253.119 GC heap after
{Heap after GC invocations=31 (full 0):
 garbage-first heap   total 239616K, used 82436K [0x0000000080000000, 0x0000000100000000)
  region size 1024K, 1 young (1024K), 1 survivors (1024K)
 Metaspace       used 73105K, committed 75136K, reserved 487424K
  class space    used 10227K, committed 11264K, reserved 421888K
}
Event: 264.808 GC heap before
{Heap before GC invocations=31 (full 0):
 garbage-first heap   total 239616K, used 137732K [0x0000000080000000, 0x0000000100000000)
  region size 1024K, 52 young (53248K), 1 survivors (1024K)
 Metaspace       used 77698K, committed 79744K, reserved 552960K
  class space    used 10718K, committed 11776K, reserved 421888K
}
Event: 264.855 GC heap after
{Heap after GC invocations=32 (full 0):
 garbage-first heap   total 239616K, used 90352K [0x0000000080000000, 0x0000000100000000)
  region size 1024K, 6 young (6144K), 6 survivors (6144K)
 Metaspace       used 77698K, committed 79744K, reserved 552960K
  class space    used 10718K, committed 11776K, reserved 421888K
}
Event: 273.482 GC heap before
{Heap before GC invocations=32 (full 0):
 garbage-first heap   total 239616K, used 131312K [0x0000000080000000, 0x0000000100000000)
  region size 1024K, 44 young (45056K), 6 survivors (6144K)
 Metaspace       used 80139K, committed 82240K, reserved 552960K
  class space    used 11033K, committed 12096K, reserved 421888K
}
Event: 273.697 GC heap after
{Heap after GC invocations=33 (full 0):
 garbage-first heap   total 239616K, used 88398K [0x0000000080000000, 0x0000000100000000)
  region size 1024K, 4 young (4096K), 4 survivors (4096K)
 Metaspace       used 80139K, committed 82240K, reserved 552960K
  class space    used 11033K, committed 12096K, reserved 421888K
}
Event: 283.178 GC heap before
{Heap before GC invocations=33 (full 0):
 garbage-first heap   total 239616K, used 129358K [0x0000000080000000, 0x0000000100000000)
  region size 1024K, 44 young (45056K), 4 survivors (4096K)
 Metaspace       used 83260K, committed 85376K, reserved 552960K
  class space    used 11444K, committed 12544K, reserved 421888K
}
Event: 283.210 GC heap after
{Heap after GC invocations=34 (full 0):
 garbage-first heap   total 239616K, used 89611K [0x0000000080000000, 0x0000000100000000)
  region size 1024K, 5 young (5120K), 5 survivors (5120K)
 Metaspace       used 83260K, committed 85376K, reserved 552960K
  class space    used 11444K, committed 12544K, reserved 421888K
}
Event: 289.714 GC heap before
{Heap before GC invocations=34 (full 0):
 garbage-first heap   total 239616K, used 159243K [0x0000000080000000, 0x0000000100000000)
  region size 1024K, 73 young (74752K), 5 survivors (5120K)
 Metaspace       used 86451K, committed 88576K, reserved 552960K
  class space    used 11872K, committed 12992K, reserved 421888K
}
Event: 289.844 GC heap after
{Heap after GC invocations=35 (full 0):
 garbage-first heap   total 239616K, used 94037K [0x0000000080000000, 0x0000000100000000)
  region size 1024K, 9 young (9216K), 9 survivors (9216K)
 Metaspace       used 86451K, committed 88576K, reserved 552960K
  class space    used 11872K, committed 12992K, reserved 421888K
}

