# JRE version: Java(TM) SE Runtime Environment (19.0.2+7) (build 19.0.2+7-44)
# Java VM: Java HotSpot(TM) 64-Bit Server VM (19.0.2+7-44, mixed mode, sharing, tiered, compressed oops, compressed class ptrs, g1 gc, windows-amd64)
GC Precious Log:
 CardTable entry size: 512
 Card Set container configuration: InlinePtr #cards 5 size 8 Array Of Cards #cards 12 size 40 Howl #buckets 4 coarsen threshold 1843 Howl Bitmap #cards 512 size 80 coarsen threshold 460 Card regions per heap region 1 cards per card region 2048
 CPUs: 8 total, 8 available
 Memory: 6030M
 Large Page Support: Disabled
 NUMA Support: Disabled
 Compressed Oops: Enabled (32-bit)
 Heap Region Size: 1M
 Heap Min Capacity: 8M
 Heap Initial Capacity: 96M
 Heap Max Capacity: 1508M
 Pre-touch: Disabled
 Parallel Workers: 8
 Concurrent Workers: 2
 Concurrent Refinement Workers: 8
 Periodic GC: Disabled
Heap:
 garbage-first heap   total 92160K, used 65696K [0x00000000a1c00000, 0x0000000100000000)
  region size 1024K, 36 young (36864K), 1 survivors (1024K)
 Metaspace       used 45509K, committed 46272K, reserved 1114112K
  class space    used 5467K, committed 5888K, reserved 1048576K
GC Heap History (20 events):
Event: 0.773 GC heap before
{Heap before GC invocations=0 (full 0):
 garbage-first heap   total 98304K, used 27648K [0x00000000a1c00000, 0x0000000100000000)
  region size 1024K, 23 young (23552K), 0 survivors (0K)
 Metaspace       used 7128K, committed 7360K, reserved 1114112K
  class space    used 725K, committed 832K, reserved 1048576K
}
Event: 0.778 GC heap after
{Heap after GC invocations=1 (full 0):
 garbage-first heap   total 98304K, used 6922K [0x00000000a1c00000, 0x0000000100000000)
  region size 1024K, 3 young (3072K), 3 survivors (3072K)
 Metaspace       used 7128K, committed 7360K, reserved 1114112K
  class space    used 725K, committed 832K, reserved 1048576K
}
Event: 1.575 GC heap before
{Heap before GC invocations=1 (full 0):
 garbage-first heap   total 98304K, used 41738K [0x00000000a1c00000, 0x0000000100000000)
  region size 1024K, 36 young (36864K), 3 survivors (3072K)
 Metaspace       used 15458K, committed 15680K, reserved 1114112K
  class space    used 1972K, committed 2048K, reserved 1048576K
}
Event: 1.586 GC heap after
{Heap after GC invocations=2 (full 0):
 garbage-first heap   total 98304K, used 12703K [0x00000000a1c00000, 0x0000000100000000)
  region size 1024K, 4 young (4096K), 4 survivors (4096K)
 Metaspace       used 15458K, committed 15680K, reserved 1114112K
  class space    used 1972K, committed 2048K, reserved 1048576K
}
Event: 2.244 GC heap before
{Heap before GC invocations=2 (full 0):
 garbage-first heap   total 98304K, used 40351K [0x00000000a1c00000, 0x0000000100000000)
  region size 1024K, 32 young (32768K), 4 survivors (4096K)
 Metaspace       used 21313K, committed 21504K, reserved 1114112K
  class space    used 2782K, committed 2880K, reserved 1048576K
}
Event: 2.257 GC heap after
{Heap after GC invocations=3 (full 0):
 garbage-first heap   total 98304K, used 14597K [0x00000000a1c00000, 0x0000000100000000)
  region size 1024K, 8 young (8192K), 8 survivors (8192K)
 Metaspace       used 21313K, committed 21504K, reserved 1114112K
  class space    used 2782K, committed 2880K, reserved 1048576K
}
Event: 2.832 GC heap before
{Heap before GC invocations=4 (full 0):
 garbage-first heap   total 55296K, used 39173K [0x00000000a1c00000, 0x0000000100000000)
  region size 1024K, 32 young (32768K), 8 survivors (8192K)
 Metaspace       used 26262K, committed 26496K, reserved 1114112K
  class space    used 3224K, committed 3328K, reserved 1048576K
}
Event: 2.853 GC heap after
{Heap after GC invocations=5 (full 0):
 garbage-first heap   total 55296K, used 17538K [0x00000000a1c00000, 0x0000000100000000)
  region size 1024K, 3 young (3072K), 3 survivors (3072K)
 Metaspace       used 26262K, committed 26496K, reserved 1114112K
  class space    used 3224K, committed 3328K, reserved 1048576K
}
Event: 2.877 GC heap before
{Heap before GC invocations=5 (full 0):
 garbage-first heap   total 55296K, used 18562K [0x00000000a1c00000, 0x0000000100000000)
  region size 1024K, 4 young (4096K), 3 survivors (3072K)
 Metaspace       used 26383K, committed 26624K, reserved 1114112K
  class space    used 3242K, committed 3328K, reserved 1048576K
}
Event: 2.885 GC heap after
{Heap after GC invocations=6 (full 0):
 garbage-first heap   total 55296K, used 18115K [0x00000000a1c00000, 0x0000000100000000)
  region size 1024K, 1 young (1024K), 1 survivors (1024K)
 Metaspace       used 26383K, committed 26624K, reserved 1114112K
  class space    used 3242K, committed 3328K, reserved 1048576K
}
Event: 3.564 GC heap before
{Heap before GC invocations=6 (full 0):
 garbage-first heap   total 55296K, used 39619K [0x00000000a1c00000, 0x0000000100000000)
  region size 1024K, 22 young (22528K), 1 survivors (1024K)
 Metaspace       used 29243K, committed 29888K, reserved 1114112K
  class space    used 3647K, committed 3968K, reserved 1048576K
}
Event: 3.569 GC heap after
{Heap after GC invocations=7 (full 0):
 garbage-first heap   total 55296K, used 18823K [0x00000000a1c00000, 0x0000000100000000)
  region size 1024K, 2 young (2048K), 2 survivors (2048K)
 Metaspace       used 29243K, committed 29888K, reserved 1114112K
  class space    used 3647K, committed 3968K, reserved 1048576K
}
Event: 4.408 GC heap before
{Heap before GC invocations=7 (full 0):
 garbage-first heap   total 55296K, used 42375K [0x00000000a1c00000, 0x0000000100000000)
  region size 1024K, 23 young (23552K), 2 survivors (2048K)
 Metaspace       used 34337K, committed 35072K, reserved 1114112K
  class space    used 4190K, committed 4608K, reserved 1048576K
}
Event: 4.421 GC heap after
{Heap after GC invocations=8 (full 0):
 garbage-first heap   total 55296K, used 23764K [0x00000000a1c00000, 0x0000000100000000)
  region size 1024K, 3 young (3072K), 3 survivors (3072K)
 Metaspace       used 34337K, committed 35072K, reserved 1114112K
  class space    used 4190K, committed 4608K, reserved 1048576K
}
Event: 4.670 GC heap before
{Heap before GC invocations=8 (full 0):
 garbage-first heap   total 55296K, used 32980K [0x00000000a1c00000, 0x0000000100000000)
  region size 1024K, 13 young (13312K), 3 survivors (3072K)
 Metaspace       used 35453K, committed 36160K, reserved 1114112K
  class space    used 4312K, committed 4736K, reserved 1048576K
}
Event: 4.681 GC heap after
{Heap after GC invocations=9 (full 0):
 garbage-first heap   total 102400K, used 25731K [0x00000000a1c00000, 0x0000000100000000)
  region size 1024K, 2 young (2048K), 2 survivors (2048K)
 Metaspace       used 35453K, committed 36160K, reserved 1114112K
  class space    used 4312K, committed 4736K, reserved 1048576K
}
Event: 6.370 GC heap before
{Heap before GC invocations=10 (full 0):
 garbage-first heap   total 92160K, used 76931K [0x00000000a1c00000, 0x0000000100000000)
  region size 1024K, 51 young (52224K), 2 survivors (2048K)
 Metaspace       used 42061K, committed 42816K, reserved 1114112K
  class space    used 5142K, committed 5504K, reserved 1048576K
}
Event: 6.393 GC heap after
{Heap after GC invocations=11 (full 0):
 garbage-first heap   total 92160K, used 31021K [0x00000000a1c00000, 0x0000000100000000)
  region size 1024K, 7 young (7168K), 7 survivors (7168K)
 Metaspace       used 42061K, committed 42816K, reserved 1114112K
  class space    used 5142K, committed 5504K, reserved 1048576K
}
Event: 6.398 GC heap before
{Heap before GC invocations=11 (full 0):
 garbage-first heap   total 92160K, used 32045K [0x00000000a1c00000, 0x0000000100000000)
  region size 1024K, 8 young (8192K), 7 survivors (7168K)
 Metaspace       used 42070K, committed 42816K, reserved 1114112K
  class space    used 5142K, committed 5504K, reserved 1048576K
}
Event: 6.417 GC heap after
{Heap after GC invocations=12 (full 0):
 garbage-first heap   total 92160K, used 31904K [0x00000000a1c00000, 0x0000000100000000)
  region size 1024K, 1 young (1024K), 1 survivors (1024K)
 Metaspace       used 42070K, committed 42816K, reserved 1114112K
  class space    used 5142K, committed 5504K, reserved 1048576K
}

